<?xml version="1.0" encoding="UTF-8" ?>
<testsuite tests="4" failures="0" name="cn.itcast.service.ProductServiceTest" time="0.004" errors="0" skipped="0">
  <properties>
[...]
</properties>
  <testcase classname="cn.itcast.service.ProductServiceTest" name="queryAll" time="0.004"/>
  <testcase classname="cn.itcast.service.ProductServiceTest" name="updateProduct" time="0"/>
  <testcase classname="cn.itcast.service.ProductServiceTest" name="insertProduct" time="0"/>
  <testcase classname="cn.itcast.service.ProductServiceTest" name="delById" time="0"/>
</testsuite>